_____1. Activer la couche 2.   Retour : 1
Ajout d'un cercle :      x=0, y=0, rayon=5                Retour : 1
Ajout d'un carre :       x=4, y=1, cote=6                 Retour : 1
Ajout d'un rectangle :   x=2, y=8, largeur=3, hauteur=9,  Retour : 1

_____2. Activer la couche 1.   Retour : 1
Ajout d'un rectangle :   x=0, y=0, largeur=4, hauteur=2   Retour : 1

_____3. Afficher le canevas.
----- Couche 0
----- Couche 1
Rectangle (x=0, y=0, l=4, h=2, aire=8)
----- Couche 2
Cercle (x=0, y=0, r=5, aire=78.5398)
Carre (x=4, y=1, c=6, aire=36)
Rectangle (x=2, y=8, l=3, h=9, aire=27)
----- Couche 3
Couche initialisee
----- Couche 4
Couche initialisee

_____4. Afficher l'aire du canevas.
149.54

_____5. Activer la couche 0.   Retour : 1
Ajout d'un rectangle :   x=0, y=0, largeur=1, hauteur=1    Retour : 1
Ajout d'un carre :       x=0, y=0, cote=1                  Retour : 1
Ajout d'un cercle :      x=0, y=0, rayon=1                 Retour : 1

_____6. Activer la couche 2.   Retour : 1
a)Translation : x=4, y=3   Retour : 1
b)Les nouvelles coordonees de cette couche seront:
  ~Un cercle(x=4, y=3, rayon=5)
  ~Un carre(x=8, y=4, cote=6)
  ~Un rectangle(x=6, y=11, largeur=3, hauteur=9)

_____7. Couche 3 initialisee.   Retour : 1

_____8. Couche 4 initialisee.   Retour : 1

_____9. Afficher le canevas.
----- Couche 0
Rectangle (x=0, y=0, l=1, h=1, aire=1)
Carre (x=0, y=0, c=1, aire=1)
Cercle (x=0, y=0, r=1, aire=3.14159)
----- Couche 1
Rectangle (x=0, y=0, l=4, h=2, aire=8)
----- Couche 2
Cercle (x=4, y=3, r=5, aire=78.5398)
Carre (x=8, y=4, c=6, aire=36)
Rectangle (x=6, y=11, l=3, h=9, aire=27)
----- Couche 3
Couche initialisee
----- Couche 4
Couche initialisee

_____10. Afficher l'aire du canevas.
154.681

_____11. Activer la couche 0.   Retour : 1
a)Retirer la forme 2 de la couche.   Retour : 1

_____12. Afficher le canevas.
----- Couche 0
Rectangle (x=0, y=0, l=1, h=1, aire=1)
Forme supprimee
Cercle (x=0, y=0, r=1, aire=3.14159)
----- Couche 1
Rectangle (x=0, y=0, l=4, h=2, aire=8)
----- Couche 2
Cercle (x=4, y=3, r=5, aire=78.5398)
Carre (x=8, y=4, c=6, aire=36)
Rectangle (x=6, y=11, l=3, h=9, aire=27)
----- Couche 3
Couche initialisee
----- Couche 4
Couche initialisee

_____13. Afficher l'aire du canevas.
153.681

_____14. Reinitialiser le canevas.   Retour : 1

_____15. Afficher le canevas.
----- Couche 0
----- Couche 1
Couche initialisee
----- Couche 2
Couche initialisee
----- Couche 3
Couche initialisee
----- Couche 4
Couche initialisee

_____16. Afficher l'aire du canevas.
0

